Initialize dataset with 1148437 characters, 86 unique.
0
1
2
3
4
5
6
7
8
9
10
11
12
13
14
15
16
17
18
19
{'loss': array([1.47669219, 1.18547857, 1.12181509, 1.08068365, 1.05013632,
       1.0240126 , 1.00197069, 0.98250862, 0.96598653, 0.95094694,
       0.93727253, 0.92557663, 0.91561292, 0.90691305, 0.89903184,
       0.89212793, 0.88626477, 0.881392  , 0.87772406, 0.87366879]), 'accs': array([0.56352001, 0.63491642, 0.65178919, 0.66271967, 0.67070031,
       0.67791176, 0.68384892, 0.6890775 , 0.69343036, 0.69743568,
       0.70127785, 0.70433754, 0.70743018, 0.70989555, 0.71188349,
       0.71380597, 0.71538734, 0.71701485, 0.71757382, 0.71885979])}
